  Medium_Algorithms.cpp
E:\Alex_Chatt_Coding\Algorthims\Easy\Easy_Algorthims\Martix.h(45,20): warning C4018: '<': signed/unsigned mismatch
E:\Alex_Chatt_Coding\Algorthims\Easy\Easy_Algorthims\Martix.h(138,20): warning C4018: '<': signed/unsigned mismatch
E:\Alex_Chatt_Coding\Algorthims\Easy\Easy_Algorthims\Martix.h(141,21): warning C4018: '<': signed/unsigned mismatch
E:\Alex_Chatt_Coding\Algorthims\Easy\Easy_Algorthims\Martix.h(226,25): warning C4018: '<': signed/unsigned mismatch
E:\Alex_Chatt_Coding\Algorthims\Easy\Easy_Algorthims\Martix.h(227,17): warning C4018: '<': signed/unsigned mismatch
E:\Alex_Chatt_Coding\Algorthims\Easy\Easy_Algorthims\Martix.h(236,10): warning C4018: '>=': signed/unsigned mismatch
E:\Alex_Chatt_Coding\Algorthims\Easy\Easy_Algorthims\Martix.h(306,10): warning C4244: 'initializing': conversion from '_Ty' to 'int', possible loss of data
E:\Alex_Chatt_Coding\Algorthims\Easy\Easy_Algorthims\Martix.h(306,10): warning C4244:         with
E:\Alex_Chatt_Coding\Algorthims\Easy\Easy_Algorthims\Martix.h(306,10): warning C4244:         [
E:\Alex_Chatt_Coding\Algorthims\Easy\Easy_Algorthims\Martix.h(306,10): warning C4244:             _Ty=float
E:\Alex_Chatt_Coding\Algorthims\Easy\Easy_Algorthims\Martix.h(306,10): warning C4244:         ]
E:\Alex_Chatt_Coding\Algorthims\Easy\Easy_Algorthims\Martix.h(312,31): warning C4244: '=': conversion from '_Ty' to 'int', possible loss of data
E:\Alex_Chatt_Coding\Algorthims\Easy\Easy_Algorthims\Martix.h(312,31): warning C4244:         with
E:\Alex_Chatt_Coding\Algorthims\Easy\Easy_Algorthims\Martix.h(312,31): warning C4244:         [
E:\Alex_Chatt_Coding\Algorthims\Easy\Easy_Algorthims\Martix.h(312,31): warning C4244:             _Ty=float
E:\Alex_Chatt_Coding\Algorthims\Easy\Easy_Algorthims\Martix.h(312,31): warning C4244:         ]
E:\Alex_Chatt_Coding\Algorthims\Easy\Easy_Algorthims\Martix.h(314,23): warning C4244: '=': conversion from 'int' to '_Ty', possible loss of data
E:\Alex_Chatt_Coding\Algorthims\Easy\Easy_Algorthims\Martix.h(314,23): warning C4244:         with
E:\Alex_Chatt_Coding\Algorthims\Easy\Easy_Algorthims\Martix.h(314,23): warning C4244:         [
E:\Alex_Chatt_Coding\Algorthims\Easy\Easy_Algorthims\Martix.h(314,23): warning C4244:             _Ty=float
E:\Alex_Chatt_Coding\Algorthims\Easy\Easy_Algorthims\Martix.h(314,23): warning C4244:         ]
E:\Alex_Chatt_Coding\Algorthims\Easy\Easy_Algorthims\Martix.h(317,39): warning C4244: '=': conversion from '_Ty' to 'int', possible loss of data
E:\Alex_Chatt_Coding\Algorthims\Easy\Easy_Algorthims\Martix.h(317,39): warning C4244:         with
E:\Alex_Chatt_Coding\Algorthims\Easy\Easy_Algorthims\Martix.h(317,39): warning C4244:         [
E:\Alex_Chatt_Coding\Algorthims\Easy\Easy_Algorthims\Martix.h(317,39): warning C4244:             _Ty=float
E:\Alex_Chatt_Coding\Algorthims\Easy\Easy_Algorthims\Martix.h(317,39): warning C4244:         ]
E:\Alex_Chatt_Coding\Algorthims\Easy\Easy_Algorthims\Martix.h(323,31): warning C4244: '=': conversion from '_Ty' to 'int', possible loss of data
E:\Alex_Chatt_Coding\Algorthims\Easy\Easy_Algorthims\Martix.h(323,31): warning C4244:         with
E:\Alex_Chatt_Coding\Algorthims\Easy\Easy_Algorthims\Martix.h(323,31): warning C4244:         [
E:\Alex_Chatt_Coding\Algorthims\Easy\Easy_Algorthims\Martix.h(323,31): warning C4244:             _Ty=float
E:\Alex_Chatt_Coding\Algorthims\Easy\Easy_Algorthims\Martix.h(323,31): warning C4244:         ]
E:\Alex_Chatt_Coding\Algorthims\Easy\Easy_Algorthims\Martix.h(325,23): warning C4244: '=': conversion from 'int' to '_Ty', possible loss of data
E:\Alex_Chatt_Coding\Algorthims\Easy\Easy_Algorthims\Martix.h(325,23): warning C4244:         with
E:\Alex_Chatt_Coding\Algorthims\Easy\Easy_Algorthims\Martix.h(325,23): warning C4244:         [
E:\Alex_Chatt_Coding\Algorthims\Easy\Easy_Algorthims\Martix.h(325,23): warning C4244:             _Ty=float
E:\Alex_Chatt_Coding\Algorthims\Easy\Easy_Algorthims\Martix.h(325,23): warning C4244:         ]
E:\Alex_Chatt_Coding\Algorthims\Easy\Easy_Algorthims\Martix.h(337,27): warning C4244: '=': conversion from '_Ty' to 'int', possible loss of data
E:\Alex_Chatt_Coding\Algorthims\Easy\Easy_Algorthims\Martix.h(337,27): warning C4244:         with
E:\Alex_Chatt_Coding\Algorthims\Easy\Easy_Algorthims\Martix.h(337,27): warning C4244:         [
E:\Alex_Chatt_Coding\Algorthims\Easy\Easy_Algorthims\Martix.h(337,27): warning C4244:             _Ty=float
E:\Alex_Chatt_Coding\Algorthims\Easy\Easy_Algorthims\Martix.h(337,27): warning C4244:         ]
E:\Alex_Chatt_Coding\Algorthims\Easy\Easy_Algorthims\Martix.h(360,22): warning C4244: 'argument': conversion from '_Ty' to 'int', possible loss of data
E:\Alex_Chatt_Coding\Algorthims\Easy\Easy_Algorthims\Martix.h(360,22): warning C4244:         with
E:\Alex_Chatt_Coding\Algorthims\Easy\Easy_Algorthims\Martix.h(360,22): warning C4244:         [
E:\Alex_Chatt_Coding\Algorthims\Easy\Easy_Algorthims\Martix.h(360,22): warning C4244:             _Ty=float
E:\Alex_Chatt_Coding\Algorthims\Easy\Easy_Algorthims\Martix.h(360,22): warning C4244:         ]
E:\Alex_Chatt_Coding\Algorthims\Easy\Easy_Algorthims\Martix.h(367,32): warning C4244: 'argument': conversion from '_Ty' to 'const _Kty', possible loss of data
E:\Alex_Chatt_Coding\Algorthims\Easy\Easy_Algorthims\Martix.h(367,32): warning C4244:         with
E:\Alex_Chatt_Coding\Algorthims\Easy\Easy_Algorthims\Martix.h(367,32): warning C4244:         [
E:\Alex_Chatt_Coding\Algorthims\Easy\Easy_Algorthims\Martix.h(367,32): warning C4244:             _Ty=float
E:\Alex_Chatt_Coding\Algorthims\Easy\Easy_Algorthims\Martix.h(367,32): warning C4244:         ]
E:\Alex_Chatt_Coding\Algorthims\Easy\Easy_Algorthims\Martix.h(367,32): warning C4244:         and
E:\Alex_Chatt_Coding\Algorthims\Easy\Easy_Algorthims\Martix.h(367,32): warning C4244:         [
E:\Alex_Chatt_Coding\Algorthims\Easy\Easy_Algorthims\Martix.h(367,32): warning C4244:             _Kty=int
E:\Alex_Chatt_Coding\Algorthims\Easy\Easy_Algorthims\Martix.h(367,32): warning C4244:         ]
E:\Alex_Chatt_Coding\Algorthims\Easy\Easy_Algorthims\Martix.h(369,24): warning C4244: 'argument': conversion from '_Ty' to 'int', possible loss of data
E:\Alex_Chatt_Coding\Algorthims\Easy\Easy_Algorthims\Martix.h(369,24): warning C4244:         with
E:\Alex_Chatt_Coding\Algorthims\Easy\Easy_Algorthims\Martix.h(369,24): warning C4244:         [
E:\Alex_Chatt_Coding\Algorthims\Easy\Easy_Algorthims\Martix.h(369,24): warning C4244:             _Ty=float
E:\Alex_Chatt_Coding\Algorthims\Easy\Easy_Algorthims\Martix.h(369,24): warning C4244:         ]
E:\Alex_Chatt_Coding\Algorthims\Easy\Easy_Algorthims\Martix.h(388,21): warning C4244: 'argument': conversion from '_Ty1' to '_Ty', possible loss of data
E:\Alex_Chatt_Coding\Algorthims\Easy\Easy_Algorthims\Martix.h(388,21): warning C4244:         with
E:\Alex_Chatt_Coding\Algorthims\Easy\Easy_Algorthims\Martix.h(388,21): warning C4244:         [
E:\Alex_Chatt_Coding\Algorthims\Easy\Easy_Algorthims\Martix.h(388,21): warning C4244:             _Ty1=const int
E:\Alex_Chatt_Coding\Algorthims\Easy\Easy_Algorthims\Martix.h(388,21): warning C4244:         ]
E:\Alex_Chatt_Coding\Algorthims\Easy\Easy_Algorthims\Martix.h(388,21): warning C4244:         and
E:\Alex_Chatt_Coding\Algorthims\Easy\Easy_Algorthims\Martix.h(388,21): warning C4244:         [
E:\Alex_Chatt_Coding\Algorthims\Easy\Easy_Algorthims\Martix.h(388,21): warning C4244:             _Ty=float
E:\Alex_Chatt_Coding\Algorthims\Easy\Easy_Algorthims\Martix.h(388,21): warning C4244:         ]
E:\Alex_Chatt_Coding\Algorthims\Easy\Easy_Algorthims\Medium_Algorithms.cpp(62,20): warning C4018: '<': signed/unsigned mismatch
E:\Alex_Chatt_Coding\Algorthims\Easy\Easy_Algorthims\Medium_Algorithms.cpp(123,20): warning C4018: '<': signed/unsigned mismatch
E:\Alex_Chatt_Coding\Algorthims\Easy\Easy_Algorthims\Medium_Algorithms.cpp(126,21): warning C4018: '<': signed/unsigned mismatch
E:\Alex_Chatt_Coding\Algorthims\Easy\Easy_Algorthims\Medium_Algorithms.cpp(169,20): warning C4018: '<': signed/unsigned mismatch
E:\Alex_Chatt_Coding\Algorthims\Easy\Easy_Algorthims\Medium_Algorithms.cpp(174,22): warning C4018: '<': signed/unsigned mismatch
E:\Alex_Chatt_Coding\Algorthims\Easy\Easy_Algorthims\Medium_Algorithms.cpp(191,20): warning C4018: '<': signed/unsigned mismatch
E:\Alex_Chatt_Coding\Algorthims\Easy\Easy_Algorthims\Medium_Algorithms.cpp(191,46): warning C4018: '<': signed/unsigned mismatch
E:\Alex_Chatt_Coding\Algorthims\Easy\Easy_Algorthims\Medium_Algorithms.cpp(196,26): warning C4018: '<': signed/unsigned mismatch
E:\Alex_Chatt_Coding\Algorthims\Easy\Easy_Algorthims\Medium_Algorithms.cpp(218,18): warning C4018: '<': signed/unsigned mismatch
E:\Alex_Chatt_Coding\Algorthims\Easy\Easy_Algorthims\Medium_Algorithms.cpp(248,20): warning C4018: '<': signed/unsigned mismatch
E:\Alex_Chatt_Coding\Algorthims\Easy\Easy_Algorthims\Medium_Algorithms.cpp(291,20): warning C4018: '<': signed/unsigned mismatch
E:\Alex_Chatt_Coding\Algorthims\Easy\Easy_Algorthims\Medium_Algorithms.cpp(313,20): warning C4018: '<': signed/unsigned mismatch
E:\Alex_Chatt_Coding\Algorthims\Easy\Easy_Algorthims\Medium_Algorithms.cpp(325,25): warning C4018: '<': signed/unsigned mismatch
E:\Alex_Chatt_Coding\Algorthims\Easy\Easy_Algorthims\Medium_Algorithms.cpp(419,20): warning C4018: '<': signed/unsigned mismatch
E:\Alex_Chatt_Coding\Algorthims\Easy\Easy_Algorthims\Medium_Algorithms.cpp(445,20): warning C4018: '<': signed/unsigned mismatch
E:\Alex_Chatt_Coding\Algorthims\Easy\Easy_Algorthims\Medium_Algorithms.cpp(447,13): warning C4018: '>=': signed/unsigned mismatch
E:\Alex_Chatt_Coding\Algorthims\Easy\Easy_Algorthims\Medium_Algorithms.cpp(498,20): warning C4018: '<': signed/unsigned mismatch
E:\Alex_Chatt_Coding\Algorthims\Easy\Easy_Algorthims\Medium_Algorithms.cpp(533,35): warning C4018: '<': signed/unsigned mismatch
E:\Alex_Chatt_Coding\Algorthims\Easy\Easy_Algorthims\Medium_Algorithms.cpp(576,20): warning C4018: '<': signed/unsigned mismatch
E:\Alex_Chatt_Coding\Algorthims\Easy\Easy_Algorthims\Medium_Algorithms.cpp(583,13): warning C4018: '>': signed/unsigned mismatch
E:\Alex_Chatt_Coding\Algorthims\Easy\Easy_Algorthims\Medium_Algorithms.cpp(585,29): warning C4018: '<': signed/unsigned mismatch
E:\Alex_Chatt_Coding\Algorthims\Easy\Easy_Algorthims\Medium_Algorithms.cpp(604,20): warning C4018: '<': signed/unsigned mismatch
E:\Alex_Chatt_Coding\Algorthims\Easy\Easy_Algorthims\Medium_Algorithms.cpp(618,20): warning C4018: '<': signed/unsigned mismatch
E:\Alex_Chatt_Coding\Algorthims\Easy\Easy_Algorthims\Medium_Algorithms.cpp(654,20): warning C4018: '<': signed/unsigned mismatch
E:\Alex_Chatt_Coding\Algorthims\Easy\Easy_Algorthims\Medium_Algorithms.cpp(705,20): warning C4018: '<': signed/unsigned mismatch
E:\Alex_Chatt_Coding\Algorthims\Easy\Easy_Algorthims\Medium_Algorithms.cpp(721,11): warning C4018: '<': signed/unsigned mismatch
E:\Alex_Chatt_Coding\Algorthims\Easy\Easy_Algorthims\Medium_Algorithms.cpp(721,42): warning C4018: '<': signed/unsigned mismatch
E:\Alex_Chatt_Coding\Algorthims\Easy\Easy_Algorthims\Medium_Algorithms.cpp(777,20): warning C4018: '<': signed/unsigned mismatch
E:\Alex_Chatt_Coding\Algorthims\Easy\Easy_Algorthims\Medium_Algorithms.cpp(795,20): warning C4018: '<': signed/unsigned mismatch
E:\Alex_Chatt_Coding\Algorthims\Easy\Easy_Algorthims\Medium_Algorithms.cpp(816,20): warning C4018: '<': signed/unsigned mismatch
E:\Alex_Chatt_Coding\Algorthims\Easy\Easy_Algorthims\Medium_Algorithms.cpp(841,21): warning C4018: '<': signed/unsigned mismatch
E:\Alex_Chatt_Coding\Algorthims\Easy\Easy_Algorthims\Medium_Algorithms.cpp(857,22): warning C4018: '<': signed/unsigned mismatch
E:\Alex_Chatt_Coding\Algorthims\Easy\Easy_Algorthims\Medium_Algorithms.cpp(890,20): warning C4018: '<': signed/unsigned mismatch
E:\Alex_Chatt_Coding\Algorthims\Easy\Easy_Algorthims\Medium_Algorithms.cpp(906,29): warning C4018: '<': signed/unsigned mismatch
E:\Alex_Chatt_Coding\Algorthims\Easy\Easy_Algorthims\Medium_Algorithms.cpp(930,20): warning C4018: '<': signed/unsigned mismatch
E:\Alex_Chatt_Coding\Algorthims\Easy\Easy_Algorthims\Medium_Algorithms.cpp(935,20): warning C4018: '<': signed/unsigned mismatch
E:\Alex_Chatt_Coding\Algorthims\Easy\Easy_Algorthims\Medium_Algorithms.cpp(937,25): warning C4018: '<': signed/unsigned mismatch
E:\Alex_Chatt_Coding\Algorthims\Easy\Easy_Algorthims\Medium_Algorithms.cpp(1004,16): warning C4244: 'initializing': conversion from 'int' to 'float', possible loss of data
E:\Alex_Chatt_Coding\Algorthims\Easy\Easy_Algorthims\Medium_Algorithms.cpp(1012,12): warning C4244: 'return': conversion from 'double' to 'int', possible loss of data
E:\Alex_Chatt_Coding\Algorthims\Easy\Easy_Algorthims\Medium_Algorithms.cpp(1028,16): warning C4244: 'initializing': conversion from 'int' to 'float', possible loss of data
E:\Alex_Chatt_Coding\Algorthims\Easy\Easy_Algorthims\Medium_Algorithms.cpp(1039,12): warning C4244: 'return': conversion from 'double' to 'int', possible loss of data
E:\Alex_Chatt_Coding\Algorthims\Easy\Easy_Algorthims\Medium_Algorithms.cpp(1069,20): warning C4018: '<': signed/unsigned mismatch
E:\Alex_Chatt_Coding\Algorthims\Easy\Easy_Algorthims\Medium_Algorithms.cpp(1093,20): warning C4018: '<': signed/unsigned mismatch
E:\Alex_Chatt_Coding\Algorthims\Easy\Easy_Algorthims\Medium_Algorithms.cpp(1112,18): warning C4018: '<': signed/unsigned mismatch
E:\Alex_Chatt_Coding\Algorthims\Easy\Easy_Algorthims\Medium_Algorithms.cpp(1119,20): warning C4018: '<': signed/unsigned mismatch
E:\Alex_Chatt_Coding\Algorthims\Easy\Easy_Algorthims\Medium_Algorithms.cpp(1121,13): warning C4018: '<': signed/unsigned mismatch
E:\Alex_Chatt_Coding\Algorthims\Easy\Easy_Algorthims\Medium_Algorithms.cpp(1144,34): warning C4018: '<': signed/unsigned mismatch
E:\Alex_Chatt_Coding\Algorthims\Easy\Easy_Algorthims\Medium_Algorithms.cpp(1164,28): warning C4018: '<': signed/unsigned mismatch
E:\Alex_Chatt_Coding\Algorthims\Easy\Easy_Algorthims\Medium_Algorithms.cpp(1243,27): warning C4018: '<': signed/unsigned mismatch
E:\Alex_Chatt_Coding\Algorthims\Easy\Easy_Algorthims\Medium_Algorithms.cpp(1364,16): warning C4018: '<': signed/unsigned mismatch
E:\Alex_Chatt_Coding\Algorthims\Easy\Easy_Algorthims\Medium_Algorithms.cpp(1410,35): warning C4018: '<': signed/unsigned mismatch
E:\Alex_Chatt_Coding\Algorthims\Easy\Easy_Algorthims\Medium_Algorithms.cpp(1420,16): warning C4018: '<': signed/unsigned mismatch
E:\Alex_Chatt_Coding\Algorthims\Easy\Easy_Algorthims\Medium_Algorithms.cpp(1430,20): warning C4018: '<': signed/unsigned mismatch
E:\Alex_Chatt_Coding\Algorthims\Easy\Easy_Algorthims\Medium_Algorithms.cpp(1450,20): warning C4018: '<': signed/unsigned mismatch
E:\Alex_Chatt_Coding\Algorthims\Easy\Easy_Algorthims\Medium_Algorithms.cpp(1476,20): warning C4018: '<': signed/unsigned mismatch
E:\Alex_Chatt_Coding\Algorthims\Easy\Easy_Algorthims\Medium_Algorithms.cpp(1478,25): warning C4018: '<': signed/unsigned mismatch
E:\Alex_Chatt_Coding\Algorthims\Easy\Easy_Algorthims\Medium_Algorithms.cpp(1571,20): warning C4018: '<': signed/unsigned mismatch
E:\Alex_Chatt_Coding\Algorthims\Easy\Easy_Algorthims\Medium_Algorithms.cpp(1595,20): warning C4018: '<': signed/unsigned mismatch
E:\Alex_Chatt_Coding\Algorthims\Easy\Easy_Algorthims\Medium_Algorithms.cpp(1608,20): warning C4018: '<': signed/unsigned mismatch
E:\Alex_Chatt_Coding\Algorthims\Easy\Easy_Algorthims\Medium_Algorithms.cpp(1631,8): warning C4244: 'initializing': conversion from 'double' to 'int', possible loss of data
E:\Alex_Chatt_Coding\Algorthims\Easy\Easy_Algorthims\Medium_Algorithms.cpp(1665,20): warning C4018: '<': signed/unsigned mismatch
E:\Alex_Chatt_Coding\Algorthims\Easy\Easy_Algorthims\Medium_Algorithms.cpp(1668,16): warning C4018: '<': signed/unsigned mismatch
E:\Alex_Chatt_Coding\Algorthims\Easy\Easy_Algorthims\Medium_Algorithms.cpp(1696,14): warning C4018: '<': signed/unsigned mismatch
E:\Alex_Chatt_Coding\Algorthims\Easy\Easy_Algorthims\Medium_Algorithms.cpp(1701,11): warning C4018: '>=': signed/unsigned mismatch
E:\Alex_Chatt_Coding\Algorthims\Easy\Easy_Algorthims\Medium_Algorithms.cpp(1755,20): warning C4018: '<': signed/unsigned mismatch
E:\Alex_Chatt_Coding\Algorthims\Easy\Easy_Algorthims\Medium_Algorithms.cpp(1757,23): warning C4018: '<': signed/unsigned mismatch
E:\Alex_Chatt_Coding\Algorthims\Easy\Easy_Algorthims\Medium_Algorithms.cpp(1790,21): warning C4018: '<': signed/unsigned mismatch
E:\Alex_Chatt_Coding\Algorthims\Easy\Easy_Algorthims\Medium_Algorithms.cpp(1815,20): warning C4018: '<': signed/unsigned mismatch
E:\Alex_Chatt_Coding\Algorthims\Easy\Easy_Algorthims\Medium_Algorithms.cpp(1878,15): warning C4018: '<': signed/unsigned mismatch
E:\Alex_Chatt_Coding\Algorthims\Easy\Easy_Algorthims\Medium_Algorithms.cpp(1934,20): warning C4018: '<': signed/unsigned mismatch
E:\Alex_Chatt_Coding\Algorthims\Easy\Easy_Algorthims\Medium_Algorithms.cpp(1957,20): warning C4018: '<': signed/unsigned mismatch
E:\Alex_Chatt_Coding\Algorthims\Easy\Easy_Algorthims\Medium_Algorithms.cpp(1997,20): warning C4018: '<': signed/unsigned mismatch
E:\Alex_Chatt_Coding\Algorthims\Easy\Easy_Algorthims\Medium_Algorithms.cpp(2006,21): warning C4018: '<': signed/unsigned mismatch
E:\Alex_Chatt_Coding\Algorthims\Easy\Easy_Algorthims\Medium_Algorithms.cpp(2023,21): warning C4018: '<': signed/unsigned mismatch
E:\Alex_Chatt_Coding\Algorthims\Easy\Easy_Algorthims\Medium_Algorithms.cpp(2046,20): warning C4018: '<': signed/unsigned mismatch
E:\Alex_Chatt_Coding\Algorthims\Easy\Easy_Algorthims\Medium_Algorithms.cpp(2067,20): warning C4018: '<': signed/unsigned mismatch
E:\Alex_Chatt_Coding\Algorthims\Easy\Easy_Algorthims\Medium_Algorithms.cpp(2106,35): warning C4018: '<': signed/unsigned mismatch
E:\Alex_Chatt_Coding\Algorthims\Easy\Easy_Algorthims\Medium_Algorithms.cpp(2106,61): warning C4018: '<': signed/unsigned mismatch
E:\Alex_Chatt_Coding\Algorthims\Easy\Easy_Algorthims\Medium_Algorithms.cpp(2186,20): warning C4018: '<': signed/unsigned mismatch
E:\Alex_Chatt_Coding\Algorthims\Easy\Easy_Algorthims\Medium_Algorithms.cpp(2224,20): warning C4018: '<': signed/unsigned mismatch
E:\Alex_Chatt_Coding\Algorthims\Easy\Easy_Algorthims\Medium_Algorithms.cpp(2228,18): warning C4018: '<': signed/unsigned mismatch
E:\Alex_Chatt_Coding\Algorthims\Easy\Easy_Algorthims\Medium_Algorithms.cpp(2262,25): warning C4018: '<=': signed/unsigned mismatch
E:\Alex_Chatt_Coding\Algorthims\Easy\Easy_Algorthims\Medium_Algorithms.cpp(2554,20): warning C4018: '<': signed/unsigned mismatch
E:\Alex_Chatt_Coding\Algorthims\Easy\Easy_Algorthims\Medium_Algorithms.cpp(2557,21): warning C4018: '<': signed/unsigned mismatch
E:\Software\Microsoft Visual Studio\2022\Community\VC\Tools\MSVC\14.40.33807\include\xmemory(700,82): warning C4244: 'initializing': conversion from 'float' to '_Ty', possible loss of data
E:\Software\Microsoft Visual Studio\2022\Community\VC\Tools\MSVC\14.40.33807\include\xmemory(700,82): warning C4244:         with
E:\Software\Microsoft Visual Studio\2022\Community\VC\Tools\MSVC\14.40.33807\include\xmemory(700,82): warning C4244:         [
E:\Software\Microsoft Visual Studio\2022\Community\VC\Tools\MSVC\14.40.33807\include\xmemory(700,82): warning C4244:             _Ty=int
E:\Software\Microsoft Visual Studio\2022\Community\VC\Tools\MSVC\14.40.33807\include\xmemory(700,82): warning C4244:         ]
E:\Alex_Chatt_Coding\Algorthims\Easy\Easy_Algorthims\Medium_Algorithms.cpp(802,1): warning C4715: 'FindSortedTriplet': not all control paths return a value
  Easy_Algorthims.vcxproj -> E:\Alex_Chatt_Coding\Algorthims\Easy\Easy_Algorthims\Debug\Easy_Algorthims.exe
